<?xml version="1.0" encoding="UTF-8"?>
<testng-results ignored="0" total="1" passed="1" failed="0" skipped="0">
  <reporter-output>
  </reporter-output>
  <suite started-at="2024-08-01T20:58:37 IST" name="Suite" finished-at="2024-08-01T20:58:50 IST" duration-ms="12831">
    <groups>
    </groups>
    <test started-at="2024-08-01T20:58:37 IST" name="Test" finished-at="2024-08-01T20:58:50 IST" duration-ms="12831">
      <class name="com.narottam.testcases.Freecrm">
        <test-method is-config="true" signature="setup()[pri:0, instance:com.narottam.testcases.Freecrm@3023df74]" started-at="2024-08-01T20:58:37 IST" name="setup" finished-at="2024-08-01T20:58:45 IST" duration-ms="7781" status="PASS">
          <reporter-output>
          </reporter-output>
        </test-method> <!-- setup -->
        <test-method signature="loginapp()[pri:0, instance:com.narottam.testcases.Freecrm@3023df74]" started-at="2024-08-01T20:58:45 IST" name="loginapp" finished-at="2024-08-01T20:58:49 IST" duration-ms="4511" status="PASS">
          <reporter-output>
          </reporter-output>
        </test-method> <!-- loginapp -->
        <test-method is-config="true" signature="teardown()[pri:0, instance:com.narottam.testcases.Freecrm@3023df74]" started-at="2024-08-01T20:58:49 IST" name="teardown" finished-at="2024-08-01T20:58:50 IST" duration-ms="463" status="PASS">
          <reporter-output>
          </reporter-output>
        </test-method> <!-- teardown -->
      </class> <!-- com.narottam.testcases.Freecrm -->
    </test> <!-- Test -->
  </suite> <!-- Suite -->
</testng-results>
